<?xml version="1.0" encoding="UTF-8"?>
<testsuite name="Connect4Test" tests="1" skipped="0" failures="0" errors="0" timestamp="2023-01-28T22:50:20" hostname="MSCLD71B863" time="33.317">
  <properties/>
  <testcase name="start" classname="Connect4Test" time="33.317"/>
  <system-out><![CDATA[?[1;31m
Start test 1?[0m
?[1;31m
Start test 2?[0m
?[1;31m
Start test 3?[0m
?[1;31m
Start test 4?[0m
?[1;31m
Start test 5?[0m
?[1;31m
Start test 6?[0m
?[1;31m
Start test 7?[0m
?[1;31m
Start test 8?[0m
?[1;31m
Start test 9?[0m
?[1;31m
Start test 10?[0m
?[1;31m
Start test 11?[0m
?[1;31m
Start test 12?[0m
]]></system-out>
  <system-err><![CDATA[?[0;34mException in thread "AWT-EventQueue-0" java.lang.IndexOutOfBoundsException: Index 7 out of bounds for length 7
?[0m?[0;34m	at java.base/jdk.internal.util.Preconditions.outOfBounds(Preconditions.java:64)
?[0m?[0;34m	at java.base/jdk.internal.util.Preconditions.outOfBoundsCheckIndex(Preconditions.java:70)
?[0m?[0;34m	at java.base/jdk.internal.util.Preconditions.checkIndex(Preconditions.java:266)
?[0m?[0;34m	at java.base/java.util.Objects.checkIndex(Objects.java:359)
?[0m?[0;34m	at java.base/java.util.ArrayList.get(ArrayList.java:427)
?[0m?[0;34m	at four.ConnectFour.checkLanes(ConnectFour.java:165)
?[0m?[0;34m	at four.ConnectFour.WinnerCheck(ConnectFour.java:120)
?[0m?[0;34m	at four.ConnectFour.actionPerformed(ConnectFour.java:46)
?[0m?[0;34m	at java.desktop/javax.swing.AbstractButton.fireActionPerformed(AbstractButton.java:1972)
?[0m?[0;34m	at java.desktop/javax.swing.AbstractButton$Handler.actionPerformed(AbstractButton.java:2313)
?[0m?[0;34m	at java.desktop/javax.swing.DefaultButtonModel.fireActionPerformed(DefaultButtonModel.java:405)
?[0m?[0;34m	at java.desktop/javax.swing.DefaultButtonModel.setPressed(DefaultButtonModel.java:262)
?[0m?[0;34m	at java.desktop/javax.swing.plaf.basic.BasicButtonListener.mouseReleased(BasicButtonListener.java:279)
?[0m?[0;34m	at java.desktop/java.awt.Component.processMouseEvent(Component.java:6626)
?[0m?[0;34m	at java.desktop/javax.swing.JComponent.processMouseEvent(JComponent.java:3389)
?[0m?[0;34m	at java.desktop/java.awt.Component.processEvent(Component.java:6391)
?[0m?[0;34m	at java.desktop/java.awt.Container.processEvent(Container.java:2266)
?[0m?[0;34m	at java.desktop/java.awt.Component.dispatchEventImpl(Component.java:5001)
?[0m?[0;34m	at java.desktop/java.awt.Container.dispatchEventImpl(Container.java:2324)
?[0m?[0;34m	at java.desktop/java.awt.Component.dispatchEvent(Component.java:4833)
?[0m?[0;34m	at java.desktop/java.awt.LightweightDispatcher.retargetMouseEvent(Container.java:4948)
?[0m?[0;34m	at java.desktop/java.awt.LightweightDispatcher.processMouseEvent(Container.java:4575)
?[0m?[0;34m	at java.desktop/java.awt.LightweightDispatcher.dispatchEvent(Container.java:4516)
?[0m?[0;34m	at java.desktop/java.awt.Container.dispatchEventImpl(Container.java:2310)
?[0m?[0;34m	at java.desktop/java.awt.Window.dispatchEventImpl(Window.java:2780)
?[0m?[0;34m	at java.desktop/java.awt.Component.dispatchEvent(Component.java:4833)
?[0m?[0;34m	at java.desktop/java.awt.EventQueue.dispatchEventImpl(EventQueue.java:773)
?[0m?[0;34m	at java.desktop/java.awt.EventQueue$4.run(EventQueue.java:722)
?[0m?[0;34m	at java.desktop/java.awt.EventQueue$4.run(EventQueue.java:716)
?[0m?[0;34m	at java.base/java.security.AccessController.doPrivileged(AccessController.java:399)
?[0m?[0;34m	at java.base/java.security.ProtectionDomain$JavaSecurityAccessImpl.doIntersectionPrivilege(ProtectionDomain.java:86)
?[0m?[0;34m	at java.base/java.security.ProtectionDomain$JavaSecurityAccessImpl.doIntersectionPrivilege(ProtectionDomain.java:97)
?[0m?[0;34m	at java.desktop/java.awt.EventQueue$5.run(EventQueue.java:746)
?[0m?[0;34m	at java.desktop/java.awt.EventQueue$5.run(EventQueue.java:744)
?[0m?[0;34m	at java.base/java.security.AccessController.doPrivileged(AccessController.java:399)
?[0m?[0;34m	at java.base/java.security.ProtectionDomain$JavaSecurityAccessImpl.doIntersectionPrivilege(ProtectionDomain.java:86)
?[0m?[0;34m	at java.desktop/java.awt.EventQueue.dispatchEvent(EventQueue.java:743)
?[0m?[0;34m	at java.desktop/java.awt.EventDispatchThread.pumpOneEventForFilters(EventDispatchThread.java:203)
?[0m?[0;34m	at java.desktop/java.awt.EventDispatchThread.pumpEventsForFilter(EventDispatchThread.java:124)
?[0m?[0;34m	at java.desktop/java.awt.EventDispatchThread.pumpEventsForHierarchy(EventDispatchThread.java:113)
?[0m?[0;34m	at java.desktop/java.awt.EventDispatchThread.pumpEvents(EventDispatchThread.java:109)
?[0m?[0;34m	at java.desktop/java.awt.EventDispatchThread.pumpEvents(EventDispatchThread.java:101)
?[0m?[0;34m	at java.desktop/java.awt.EventDispatchThread.run(EventDispatchThread.java:90)
?[0m?[0;34mException in thread "AWT-EventQueue-0" java.lang.IndexOutOfBoundsException: Index 7 out of bounds for length 7
?[0m?[0;34m	at java.base/jdk.internal.util.Preconditions.outOfBounds(Preconditions.java:64)
?[0m?[0;34m	at java.base/jdk.internal.util.Preconditions.outOfBoundsCheckIndex(Preconditions.java:70)
?[0m?[0;34m	at java.base/jdk.internal.util.Preconditions.checkIndex(Preconditions.java:266)
?[0m?[0;34m	at java.base/java.util.Objects.checkIndex(Objects.java:359)
?[0m?[0;34m	at java.base/java.util.ArrayList.get(ArrayList.java:427)
?[0m?[0;34m	at four.ConnectFour.checkLanes(ConnectFour.java:165)
?[0m?[0;34m	at four.ConnectFour.WinnerCheck(ConnectFour.java:120)
?[0m?[0;34m	at four.ConnectFour.actionPerformed(ConnectFour.java:46)
?[0m?[0;34m	at java.desktop/javax.swing.AbstractButton.fireActionPerformed(AbstractButton.java:1972)
?[0m?[0;34m	at java.desktop/javax.swing.AbstractButton$Handler.actionPerformed(AbstractButton.java:2313)
?[0m?[0;34m	at java.desktop/javax.swing.DefaultButtonModel.fireActionPerformed(DefaultButtonModel.java:405)
?[0m?[0;34m	at java.desktop/javax.swing.DefaultButtonModel.setPressed(DefaultButtonModel.java:262)
?[0m?[0;34m	at java.desktop/javax.swing.plaf.basic.BasicButtonListener.mouseReleased(BasicButtonListener.java:279)
?[0m?[0;34m	at java.desktop/java.awt.Component.processMouseEvent(Component.java:6626)
?[0m?[0;34m	at java.desktop/javax.swing.JComponent.processMouseEvent(JComponent.java:3389)
?[0m?[0;34m	at java.desktop/java.awt.Component.processEvent(Component.java:6391)
?[0m?[0;34m	at java.desktop/java.awt.Container.processEvent(Container.java:2266)
?[0m?[0;34m	at java.desktop/java.awt.Component.dispatchEventImpl(Component.java:5001)
?[0m?[0;34m	at java.desktop/java.awt.Container.dispatchEventImpl(Container.java:2324)
?[0m?[0;34m	at java.desktop/java.awt.Component.dispatchEvent(Component.java:4833)
?[0m?[0;34m	at java.desktop/java.awt.LightweightDispatcher.retargetMouseEvent(Container.java:4948)
?[0m?[0;34m	at java.desktop/java.awt.LightweightDispatcher.processMouseEvent(Container.java:4575)
?[0m?[0;34m	at java.desktop/java.awt.LightweightDispatcher.dispatchEvent(Container.java:4516)
?[0m?[0;34m	at java.desktop/java.awt.Container.dispatchEventImpl(Container.java:2310)
?[0m?[0;34m	at java.desktop/java.awt.Window.dispatchEventImpl(Window.java:2780)
?[0m?[0;34m	at java.desktop/java.awt.Component.dispatchEvent(Component.java:4833)
?[0m?[0;34m	at java.desktop/java.awt.EventQueue.dispatchEventImpl(EventQueue.java:773)
?[0m?[0;34m	at java.desktop/java.awt.EventQueue$4.run(EventQueue.java:722)
?[0m?[0;34m	at java.desktop/java.awt.EventQueue$4.run(EventQueue.java:716)
?[0m?[0;34m	at java.base/java.security.AccessController.doPrivileged(AccessController.java:399)
?[0m?[0;34m	at java.base/java.security.ProtectionDomain$JavaSecurityAccessImpl.doIntersectionPrivilege(ProtectionDomain.java:86)
?[0m?[0;34m	at java.base/java.security.ProtectionDomain$JavaSecurityAccessImpl.doIntersectionPrivilege(ProtectionDomain.java:97)
?[0m?[0;34m	at java.desktop/java.awt.EventQueue$5.run(EventQueue.java:746)
?[0m?[0;34m	at java.desktop/java.awt.EventQueue$5.run(EventQueue.java:744)
?[0m?[0;34m	at java.base/java.security.AccessController.doPrivileged(AccessController.java:399)
?[0m?[0;34m	at java.base/java.security.ProtectionDomain$JavaSecurityAccessImpl.doIntersectionPrivilege(ProtectionDomain.java:86)
?[0m?[0;34m	at java.desktop/java.awt.EventQueue.dispatchEvent(EventQueue.java:743)
?[0m?[0;34m	at java.desktop/java.awt.EventDispatchThread.pumpOneEventForFilters(EventDispatchThread.java:203)
?[0m?[0;34m	at java.desktop/java.awt.EventDispatchThread.pumpEventsForFilter(EventDispatchThread.java:124)
?[0m?[0;34m	at java.desktop/java.awt.EventDispatchThread.pumpEventsForHierarchy(EventDispatchThread.java:113)
?[0m?[0;34m	at java.desktop/java.awt.EventDispatchThread.pumpEvents(EventDispatchThread.java:109)
?[0m?[0;34m	at java.desktop/java.awt.EventDispatchThread.pumpEvents(EventDispatchThread.java:101)
?[0m?[0;34m	at java.desktop/java.awt.EventDispatchThread.run(EventDispatchThread.java:90)
]]></system-err>
</testsuite>
